#
# A fatal error has been detected by the Java Runtime Environment:
#
#  SIGSEGV (0xb) at pc=0x0000000113d28022, pid=857, tid=0x0000000000001b03
#
# JRE version: Java(TM) SE Runtime Environment (8.0_111-b14) (build 1.8.0_111-b14)
# Java VM: Java HotSpot(TM) 64-Bit Server VM (25.111-b14 mixed mode bsd-amd64 compressed oops)
# Problematic frame:
# C  [libR.dylib+0x136022]  GetNewPage+0x1a2
#
# Failed to write core dump. Core dumps have been disabled. To enable core dumping, try "ulimit -c unlimited" before starting Java again
#
# If you would like to submit a bug report, please visit:
#   http://bugreport.java.com/bugreport/crash.jsp
# The crash happened outside the Java Virtual Machine in native code.
# See problematic frame for where to report the bug.
#

---------------  T H R E A D  ---------------

Current thread (0x00007fec80005000):  JavaThread "main" [_thread_in_native, id=6915, stack(0x0000700000ace000,0x0000700000bce000)]

siginfo: si_signo: 11 (SIGSEGV), si_code: 1 (SEGV_MAPERR), si_addr: 0x0000000000000018

Registers:
RAX=0x0000000113f02080, RBX=0x00007fec81899208, RCX=0x0000000113f01f48, RDX=0x0000000000000000
RSP=0x0000700000bcd5c0, RBP=0x0000700000bcd600, RSI=0x00000000000007b0, RDI=0x0000000000000000
R8 =0x000000001fffffff, R9 =0x00007fec81899200, R10=0x000000000000002e, R11=0x00007fff9bac51e8
R12=0x0000000000000001, R13=0x0000000000000030, R14=0x0000000000000028, R15=0x0000000020000000
RIP=0x0000000113d28022, EFLAGS=0x0000000000010202, ERR=0x0000000000000004
  TRAPNO=0x000000000000000e

Top of Stack: (sp=0x0000700000bcd5c0)
0x0000700000bcd5c0:   0000700000bcd5f0 0000000000000000
0x0000700000bcd5d0:   0000700000bcd630 0000000000000000
0x0000700000bcd5e0:   0000000000000001 0000000000000001
0x0000700000bcd5f0:   0000000113f01f48 0000000000000001
0x0000700000bcd600:   0000700000bcd680 0000000113d2c57e
0x0000700000bcd610:   000000010ff50cf0 00007fec80005000
0x0000700000bcd620:   00007fec80005000 00007fec80005000
0x0000700000bcd630:   00007fec7fb0c620 0000000000600000
0x0000700000bcd640:   0000000000000010 00007fec800051f8
0x0000700000bcd650:   000000010da21370 00007fec800051f8
0x0000700000bcd660:   0000000000000000 000000010ff50cf0
0x0000700000bcd670:   0000700000bcd780 00007fec7fb0c620
0x0000700000bcd680:   0000700000bcd6b0 0000000113be8d2e
0x0000700000bcd690:   000000010ff50cf0 0000000000000000
0x0000700000bcd6a0:   0000000000000001 00007fec80005000
0x0000700000bcd6b0:   0000700000bcd6e0 0000000113be7976
0x0000700000bcd6c0:   000000010ff50cf0 0000700000bcd788
0x0000700000bcd6d0:   000000010ff50cf0 0000700000bcd788
0x0000700000bcd6e0:   0000700000bcd758 0000000114c6448f
0x0000700000bcd6f0:   000000010ff50cf0 0000700000bcd788
0x0000700000bcd700:   0000700000bcd758 0000000000000000
0x0000700000bcd710:   000000076ab97b48 0000700000bcd708
0x0000700000bcd720:   000000010ff50cf0 0000700000bcd788
0x0000700000bcd730:   000000010ff54108 0000000000000000
0x0000700000bcd740:   000000010ff50cf0 0000000000000000
0x0000700000bcd750:   0000700000bcd778 0000700000bcd7e0
0x0000700000bcd760:   0000000114c53dd0 0000000000000000
0x0000700000bcd770:   0000000114c5d537 0000000000000001
0x0000700000bcd780:   000000076ab9cec8 000000076ab97b48
0x0000700000bcd790:   0000000000000000 000000076ab97b48
0x0000700000bcd7a0:   0000700000bcd790 000000010ff53255
0x0000700000bcd7b0:   0000700000bcd840 000000010ff54108 

Instructions: (pc=0x0000000113d28022)
0x0000000113d28002:   50 01 00 00 41 c1 e7 1d 48 8d 4c 11 18 31 d2 41
0x0000000113d28012:   b8 ff ff ff 1f 66 0f 1f 84 00 00 00 00 00 ff 00
0x0000000113d28022:   48 8b 77 18 48 89 7b 10 48 89 5f 18 48 89 5e 10
0x0000000113d28032:   48 89 73 18 8b 35 5c 9d 1d 00 44 21 c6 44 09 fe 

Register to memory mapping:

RAX=0x0000000113f02080: R_GenHeap+0x2b0 in /Library/Frameworks/R.framework/Versions/3.3/Resources/lib/libR.dylib at 0x0000000113bf2000
RBX=0x00007fec81899208 is an unknown value
RCX=0x0000000113f01f48: R_GenHeap+0x178 in /Library/Frameworks/R.framework/Versions/3.3/Resources/lib/libR.dylib at 0x0000000113bf2000
RDX=0x0000000000000000 is an unknown value
RSP=0x0000700000bcd5c0 is pointing into the stack for thread: 0x00007fec80005000
RBP=0x0000700000bcd600 is pointing into the stack for thread: 0x00007fec80005000
RSI=0x00000000000007b0 is an unknown value
RDI=0x0000000000000000 is an unknown value
R8 =0x000000001fffffff is an unknown value
R9 =0x00007fec81899200 is an unknown value
R10=0x000000000000002e is an unknown value
R11=0x00007fff9bac51e8: malloc+0 in /usr/lib/system/libsystem_malloc.dylib at 0x00007fff9bac4000
R12=0x0000000000000001 is an unknown value
R13=0x0000000000000030 is an unknown value
R14=0x0000000000000028 is an unknown value
R15=0x0000000020000000 is an unknown value


Stack: [0x0000700000ace000,0x0000700000bce000],  sp=0x0000700000bcd5c0,  free space=1021k
Native frames: (J=compiled Java code, j=interpreted, Vv=VM code, C=native code)
C  [libR.dylib+0x136022]  GetNewPage+0x1a2
C  [libR.dylib+0x13a57e]  Rf_allocVector3+0x26e
C  [libjri.jnilib+0x2d2e]  jri_getString+0x3e
C  [libjri.jnilib+0x1976]  Java_org_rosuda_JRI_Rengine_rniParse+0x16
j  org.rosuda.JRI.Rengine.rniParse(Ljava/lang/String;I)J+0
j  org.rosuda.JRI.Rengine.eval(Ljava/lang/String;Z)Lorg/rosuda/JRI/REXP;+53
j  org.rosuda.JRI.Rengine.eval(Ljava/lang/String;)Lorg/rosuda/JRI/REXP;+3
j  main.test.main([Ljava/lang/String;)V+15
v  ~StubRoutines::call_stub
V  [libjvm.dylib+0x2ecf8a]  JavaCalls::call_helper(JavaValue*, methodHandle*, JavaCallArguments*, Thread*)+0x6ae
V  [libjvm.dylib+0x323d82]  jni_invoke_static(JNIEnv_*, JavaValue*, _jobject*, JNICallType, _jmethodID*, JNI_ArgumentPusher*, Thread*)+0x1bf
V  [libjvm.dylib+0x31caf9]  jni_CallStaticVoidMethod+0x15d
C  [java+0x3931]  JavaMain+0x9c4
C  [libsystem_pthread.dylib+0x393b]  _pthread_body+0xb4
C  [libsystem_pthread.dylib+0x3887]  _pthread_body+0x0
C  [libsystem_pthread.dylib+0x308d]  thread_start+0xd
C  0x0000000000000000

Java frames: (J=compiled Java code, j=interpreted, Vv=VM code)
j  org.rosuda.JRI.Rengine.rniParse(Ljava/lang/String;I)J+0
j  org.rosuda.JRI.Rengine.eval(Ljava/lang/String;Z)Lorg/rosuda/JRI/REXP;+53
j  org.rosuda.JRI.Rengine.eval(Ljava/lang/String;)Lorg/rosuda/JRI/REXP;+3
j  main.test.main([Ljava/lang/String;)V+15
v  ~StubRoutines::call_stub

---------------  P R O C E S S  ---------------

Java Threads: ( => current thread )
  0x00007fec7e00c000 JavaThread "Service Thread" daemon [_thread_blocked, id=21251, stack(0x0000700001c84000,0x0000700001d84000)]
  0x00007fec7f006800 JavaThread "C1 CompilerThread3" daemon [_thread_blocked, id=20739, stack(0x0000700001b81000,0x0000700001c81000)]
  0x00007fec7f005800 JavaThread "C2 CompilerThread2" daemon [_thread_blocked, id=20227, stack(0x0000700001a7e000,0x0000700001b7e000)]
  0x00007fec7e009800 JavaThread "C2 CompilerThread1" daemon [_thread_blocked, id=19715, stack(0x000070000197b000,0x0000700001a7b000)]
  0x00007fec7e007800 JavaThread "C2 CompilerThread0" daemon [_thread_blocked, id=19203, stack(0x0000700001878000,0x0000700001978000)]
  0x00007fec7d802800 JavaThread "Signal Dispatcher" daemon [_thread_blocked, id=18691, stack(0x0000700001775000,0x0000700001875000)]
  0x00007fec7d81a800 JavaThread "Finalizer" daemon [_thread_blocked, id=14339, stack(0x00007000015ef000,0x00007000016ef000)]
  0x00007fec81806000 JavaThread "Reference Handler" daemon [_thread_blocked, id=13827, stack(0x00007000014ec000,0x00007000015ec000)]
=>0x00007fec80005000 JavaThread "main" [_thread_in_native, id=6915, stack(0x0000700000ace000,0x0000700000bce000)]

Other Threads:
  0x00007fec7d814800 VMThread [stack: 0x00007000013e9000,0x00007000014e9000] [id=13315]
  0x00007fec7e000800 WatcherThread [stack: 0x0000700001d87000,0x0000700001e87000] [id=21763]

VM state:not at safepoint (normal execution)

VM Mutex/Monitor currently owned by a thread: None

Heap:
 PSYoungGen      total 76288K, used 2621K [0x000000076ab00000, 0x0000000770000000, 0x00000007c0000000)
  eden space 65536K, 4% used [0x000000076ab00000,0x000000076ad8f5e8,0x000000076eb00000)
  from space 10752K, 0% used [0x000000076f580000,0x000000076f580000,0x0000000770000000)
  to   space 10752K, 0% used [0x000000076eb00000,0x000000076eb00000,0x000000076f580000)
 ParOldGen       total 175104K, used 0K [0x00000006c0000000, 0x00000006cab00000, 0x000000076ab00000)
  object space 175104K, 0% used [0x00000006c0000000,0x00000006c0000000,0x00000006cab00000)
 Metaspace       used 2979K, capacity 4564K, committed 4864K, reserved 1056768K
  class space    used 328K, capacity 388K, committed 512K, reserved 1048576K

Card table byte_map: [0x000000010e5a7000,0x000000010eda8000] byte_map_base: 0x000000010afa7000

Marking Bits: (ParMarkBitMap*) 0x000000010daefd20
 Begin Bits: [0x0000000123c4c000, 0x0000000127c4c000)
 End Bits:   [0x0000000127c4c000, 0x000000012bc4c000)

Polling page: 0x000000010c1fa000

CodeCache: size=245760Kb used=1099Kb max_used=1109Kb free=244660Kb
 bounds [0x0000000114c4c000, 0x0000000114ebc000, 0x0000000123c4c000]
 total_blobs=258 nmethods=24 adapters=149
 compilation: enabled

Compilation events (10 events):
Event: 0.104 Thread 0x00007fec7f006800   20       3       java.lang.CharacterData::of (120 bytes)
Event: 0.104 Thread 0x00007fec7f006800 nmethod 20 0x0000000114d5d190 code [0x0000000114d5d340, 0x0000000114d5d8f0]
Event: 0.104 Thread 0x00007fec7f006800   21       3       java.lang.CharacterDataLatin1::getProperties (11 bytes)
Event: 0.104 Thread 0x00007fec7f006800 nmethod 21 0x0000000114d5db50 code [0x0000000114d5dcc0, 0x0000000114d5de50]
Event: 0.104 Thread 0x00007fec7f006800   22       3       java.lang.System::getSecurityManager (4 bytes)
Event: 0.104 Thread 0x00007fec7f006800 nmethod 22 0x0000000114d5df50 code [0x0000000114d5e0a0, 0x0000000114d5e1f0]
Event: 0.114 Thread 0x00007fec7e007800   23       4       java.lang.String::charAt (29 bytes)
Event: 0.115 Thread 0x00007fec7e007800 nmethod 23 0x0000000114d61510 code [0x0000000114d61660, 0x0000000114d61738]
Event: 0.117 Thread 0x00007fec7f006800   24       3       java.lang.String::startsWith (72 bytes)
Event: 0.117 Thread 0x00007fec7f006800 nmethod 24 0x0000000114d60e90 code [0x0000000114d61000, 0x0000000114d61330]

GC Heap History (0 events):
No events

Deoptimization events (0 events):
No events

Internal exceptions (2 events):
Event: 0.035 Thread 0x00007fec80005000 Exception <a 'java/lang/NoSuchMethodError': Method sun.misc.Unsafe.defineClass(Ljava/lang/String;[BII)Ljava/lang/Class; name or signature does not match> (0x000000076ab07c78) thrown at [/Users/java_re/workspace/8-2-build-macosx-x86_64/jdk8u111/7883/hotspo
Event: 0.035 Thread 0x00007fec80005000 Exception <a 'java/lang/NoSuchMethodError': Method sun.misc.Unsafe.prefetchRead(Ljava/lang/Object;J)V name or signature does not match> (0x000000076ab07f60) thrown at [/Users/java_re/workspace/8-2-build-macosx-x86_64/jdk8u111/7883/hotspot/src/share/vm/pri

Events (10 events):
Event: 0.112 loading class sun/security/util/ManifestEntryVerifier
Event: 0.112 loading class sun/security/util/ManifestEntryVerifier done
Event: 0.113 loading class java/lang/UnsatisfiedLinkError
Event: 0.113 loading class java/lang/UnsatisfiedLinkError done
Event: 0.113 loading class java/lang/ClassLoaderHelper
Event: 0.113 loading class java/lang/ClassLoaderHelper done
Event: 0.117 loading class java/util/concurrent/ConcurrentHashMap$ForwardingNode
Event: 0.117 loading class java/util/concurrent/ConcurrentHashMap$ForwardingNode done
Event: 0.117 loading class org/rosuda/JRI/Mutex
Event: 0.117 loading class org/rosuda/JRI/Mutex done


Dynamic libraries:
0x0000000010dbe000 	/System/Library/Frameworks/Cocoa.framework/Versions/A/Cocoa
0x0000000010dbe000 	/System/Library/Frameworks/Security.framework/Versions/A/Security
0x0000000010dbe000 	/System/Library/Frameworks/ApplicationServices.framework/Versions/A/ApplicationServices
0x0000000010dbe000 	/usr/lib/libz.1.dylib
0x0000000010dbe000 	/usr/lib/libSystem.B.dylib
0x0000000010dbe000 	/usr/lib/libobjc.A.dylib
0x0000000010dbe000 	/System/Library/Frameworks/CoreFoundation.framework/Versions/A/CoreFoundation
0x0000000010dbe000 	/System/Library/Frameworks/Foundation.framework/Versions/C/Foundation
0x0000000010dbe000 	/System/Library/Frameworks/AppKit.framework/Versions/C/AppKit
0x0000000010dbe000 	/System/Library/Frameworks/CoreData.framework/Versions/A/CoreData
0x0000000010dbe000 	/System/Library/PrivateFrameworks/RemoteViewServices.framework/Versions/A/RemoteViewServices
0x0000000010dbe000 	/System/Library/PrivateFrameworks/UIFoundation.framework/Versions/A/UIFoundation
0x0000000010dbe000 	/System/Library/PrivateFrameworks/DFRFoundation.framework/Versions/A/DFRFoundation
0x0000000010dbe000 	/usr/lib/libenergytrace.dylib
0x0000000010dbe000 	/System/Library/PrivateFrameworks/SkyLight.framework/Versions/A/SkyLight
0x0000000010dbe000 	/System/Library/Frameworks/CoreGraphics.framework/Versions/A/CoreGraphics
0x0000000010dbe000 	/usr/lib/libScreenReader.dylib
0x0000000010dbe000 	/System/Library/Frameworks/Accelerate.framework/Versions/A/Accelerate
0x0000000010dbe000 	/System/Library/Frameworks/IOSurface.framework/Versions/A/IOSurface
0x0000000010dbe000 	/System/Library/Frameworks/AudioToolbox.framework/Versions/A/AudioToolbox
0x0000000010dbe000 	/System/Library/Frameworks/AudioUnit.framework/Versions/A/AudioUnit
0x0000000010dbe000 	/System/Library/PrivateFrameworks/DataDetectorsCore.framework/Versions/A/DataDetectorsCore
0x0000000010dbe000 	/System/Library/PrivateFrameworks/DesktopServicesPriv.framework/Versions/A/DesktopServicesPriv
0x0000000010dbe000 	/System/Library/Frameworks/Carbon.framework/Versions/A/Frameworks/HIToolbox.framework/Versions/A/HIToolbox
0x0000000010dbe000 	/usr/lib/libicucore.A.dylib
0x0000000010dbe000 	/System/Library/Frameworks/QuartzCore.framework/Versions/A/QuartzCore
0x0000000010dbe000 	/System/Library/Frameworks/Carbon.framework/Versions/A/Frameworks/SpeechRecognition.framework/Versions/A/SpeechRecognition
0x0000000010dbe000 	/usr/lib/libauto.dylib
0x0000000010dbe000 	/usr/lib/libxml2.2.dylib
0x0000000010dbe000 	/System/Library/PrivateFrameworks/CoreUI.framework/Versions/A/CoreUI
0x0000000010dbe000 	/System/Library/Frameworks/CoreAudio.framework/Versions/A/CoreAudio
0x0000000010dbe000 	/System/Library/Frameworks/DiskArbitration.framework/Versions/A/DiskArbitration
0x0000000010dbe000 	/usr/lib/liblangid.dylib
0x0000000010dbe000 	/System/Library/PrivateFrameworks/MultitouchSupport.framework/Versions/A/MultitouchSupport
0x0000000010dbe000 	/System/Library/Frameworks/IOKit.framework/Versions/A/IOKit
0x0000000010dbe000 	/usr/lib/libDiagnosticMessagesClient.dylib
0x0000000010dbe000 	/System/Library/Frameworks/CoreServices.framework/Versions/A/CoreServices
0x0000000010dbe000 	/System/Library/PrivateFrameworks/PerformanceAnalysis.framework/Versions/A/PerformanceAnalysis
0x0000000010dbe000 	/System/Library/PrivateFrameworks/GenerationalStorage.framework/Versions/A/GenerationalStorage
0x0000000010dbe000 	/System/Library/Frameworks/OpenGL.framework/Versions/A/OpenGL
0x0000000010dbe000 	/System/Library/Frameworks/CoreImage.framework/Versions/A/CoreImage
0x0000000010dbe000 	/System/Library/Frameworks/CoreText.framework/Versions/A/CoreText
0x0000000010dbe000 	/System/Library/Frameworks/ImageIO.framework/Versions/A/ImageIO
0x0000000010dbe000 	/System/Library/PrivateFrameworks/Backup.framework/Versions/A/Backup
0x0000000010dbe000 	/usr/lib/libarchive.2.dylib
0x0000000010dbe000 	/System/Library/Frameworks/CFNetwork.framework/Versions/A/CFNetwork
0x0000000010dbe000 	/System/Library/Frameworks/SystemConfiguration.framework/Versions/A/SystemConfiguration
0x0000000010dbe000 	/usr/lib/libCRFSuite.dylib
0x0000000010dbe000 	/usr/lib/libc++.1.dylib
0x0000000010dbe000 	/usr/lib/libc++abi.dylib
0x0000000010dbe000 	/usr/lib/system/libcache.dylib
0x0000000010dbe000 	/usr/lib/system/libcommonCrypto.dylib
0x0000000010dbe000 	/usr/lib/system/libcompiler_rt.dylib
0x0000000010dbe000 	/usr/lib/system/libcopyfile.dylib
0x0000000010dbe000 	/usr/lib/system/libcorecrypto.dylib
0x0000000010dbe000 	/usr/lib/system/libdispatch.dylib
0x0000000010dbe000 	/usr/lib/system/libdyld.dylib
0x0000000010dbe000 	/usr/lib/system/libkeymgr.dylib
0x0000000010dbe000 	/usr/lib/system/liblaunch.dylib
0x0000000010dbe000 	/usr/lib/system/libmacho.dylib
0x0000000010dbe000 	/usr/lib/system/libquarantine.dylib
0x0000000010dbe000 	/usr/lib/system/libremovefile.dylib
0x0000000010dbe000 	/usr/lib/system/libsystem_asl.dylib
0x0000000010dbe000 	/usr/lib/system/libsystem_blocks.dylib
0x0000000010dbe000 	/usr/lib/system/libsystem_c.dylib
0x0000000010dbe000 	/usr/lib/system/libsystem_configuration.dylib
0x0000000010dbe000 	/usr/lib/system/libsystem_coreservices.dylib
0x0000000010dbe000 	/usr/lib/system/libsystem_coretls.dylib
0x0000000010dbe000 	/usr/lib/system/libsystem_dnssd.dylib
0x0000000010dbe000 	/usr/lib/system/libsystem_info.dylib
0x0000000010dbe000 	/usr/lib/system/libsystem_kernel.dylib
0x0000000010dbe000 	/usr/lib/system/libsystem_m.dylib
0x0000000010dbe000 	/usr/lib/system/libsystem_malloc.dylib
0x0000000010dbe000 	/usr/lib/system/libsystem_network.dylib
0x0000000010dbe000 	/usr/lib/system/libsystem_networkextension.dylib
0x0000000010dbe000 	/usr/lib/system/libsystem_notify.dylib
0x0000000010dbe000 	/usr/lib/system/libsystem_platform.dylib
0x0000000010dbe000 	/usr/lib/system/libsystem_pthread.dylib
0x0000000010dbe000 	/usr/lib/system/libsystem_sandbox.dylib
0x0000000010dbe000 	/usr/lib/system/libsystem_secinit.dylib
0x0000000010dbe000 	/usr/lib/system/libsystem_symptoms.dylib
0x0000000010dbe000 	/usr/lib/system/libsystem_trace.dylib
0x0000000010dbe000 	/usr/lib/system/libunwind.dylib
0x0000000010dbe000 	/usr/lib/system/libxpc.dylib
0x0000000010dbe000 	/usr/lib/libbsm.0.dylib
0x0000000010dbe000 	/usr/lib/system/libkxld.dylib
0x0000000010dbe000 	/usr/lib/libcoretls.dylib
0x0000000010dbe000 	/usr/lib/libcoretls_cfhelpers.dylib
0x0000000010dbe000 	/usr/lib/libOpenScriptingUtil.dylib
0x0000000010dbe000 	/usr/lib/libpam.2.dylib
0x0000000010dbe000 	/usr/lib/libsqlite3.dylib
0x0000000010dbe000 	/usr/lib/libxar.1.dylib
0x0000000010dbe000 	/usr/lib/libbz2.1.0.dylib
0x0000000010dbe000 	/usr/lib/liblzma.5.dylib
0x0000000010dbe000 	/usr/lib/libnetwork.dylib
0x0000000010dbe000 	/usr/lib/libpcap.A.dylib
0x0000000010dbe000 	/System/Library/Frameworks/CoreServices.framework/Versions/A/Frameworks/FSEvents.framework/Versions/A/FSEvents
0x0000000010dbe000 	/System/Library/Frameworks/CoreServices.framework/Versions/A/Frameworks/CarbonCore.framework/Versions/A/CarbonCore
0x0000000010dbe000 	/System/Library/Frameworks/CoreServices.framework/Versions/A/Frameworks/Metadata.framework/Versions/A/Metadata
0x0000000010dbe000 	/System/Library/Frameworks/CoreServices.framework/Versions/A/Frameworks/OSServices.framework/Versions/A/OSServices
0x0000000010dbe000 	/System/Library/Frameworks/CoreServices.framework/Versions/A/Frameworks/SearchKit.framework/Versions/A/SearchKit
0x0000000010dbe000 	/System/Library/Frameworks/CoreServices.framework/Versions/A/Frameworks/AE.framework/Versions/A/AE
0x0000000010dbe000 	/System/Library/Frameworks/CoreServices.framework/Versions/A/Frameworks/LaunchServices.framework/Versions/A/LaunchServices
0x0000000010dbe000 	/System/Library/Frameworks/CoreServices.framework/Versions/A/Frameworks/DictionaryServices.framework/Versions/A/DictionaryServices
0x0000000010dbe000 	/System/Library/Frameworks/CoreServices.framework/Versions/A/Frameworks/SharedFileList.framework/Versions/A/SharedFileList
0x0000000010dbe000 	/System/Library/Frameworks/NetFS.framework/Versions/A/NetFS
0x0000000010dbe000 	/System/Library/PrivateFrameworks/NetAuth.framework/Versions/A/NetAuth
0x0000000010dbe000 	/System/Library/PrivateFrameworks/login.framework/Versions/A/Frameworks/loginsupport.framework/Versions/A/loginsupport
0x0000000010dbe000 	/System/Library/PrivateFrameworks/TCC.framework/Versions/A/TCC
0x0000000010dbe000 	/usr/lib/libmecabra.dylib
0x0000000010dbe000 	/System/Library/Frameworks/ApplicationServices.framework/Versions/A/Frameworks/ATS.framework/Versions/A/ATS
0x0000000010dbe000 	/System/Library/Frameworks/ApplicationServices.framework/Versions/A/Frameworks/ColorSync.framework/Versions/A/ColorSync
0x0000000010dbe000 	/System/Library/Frameworks/ApplicationServices.framework/Versions/A/Frameworks/HIServices.framework/Versions/A/HIServices
0x0000000010dbe000 	/System/Library/Frameworks/ApplicationServices.framework/Versions/A/Frameworks/LangAnalysis.framework/Versions/A/LangAnalysis
0x0000000010dbe000 	/System/Library/Frameworks/ApplicationServices.framework/Versions/A/Frameworks/PrintCore.framework/Versions/A/PrintCore
0x0000000010dbe000 	/System/Library/Frameworks/ApplicationServices.framework/Versions/A/Frameworks/QD.framework/Versions/A/QD
0x0000000010dbe000 	/System/Library/Frameworks/ApplicationServices.framework/Versions/A/Frameworks/SpeechSynthesis.framework/Versions/A/SpeechSynthesis
0x0000000010dbe000 	/System/Library/Frameworks/Accelerate.framework/Versions/A/Frameworks/vImage.framework/Versions/A/vImage
0x0000000010dbe000 	/System/Library/Frameworks/Accelerate.framework/Versions/A/Frameworks/vecLib.framework/Versions/A/vecLib
0x0000000010dbe000 	/System/Library/Frameworks/Accelerate.framework/Versions/A/Frameworks/vecLib.framework/Versions/A/libvDSP.dylib
0x0000000010dbe000 	/System/Library/Frameworks/Accelerate.framework/Versions/A/Frameworks/vecLib.framework/Versions/A/libBNNS.dylib
0x0000000010dbe000 	/System/Library/Frameworks/Accelerate.framework/Versions/A/Frameworks/vecLib.framework/Versions/A/libQuadrature.dylib
0x0000000010dbe000 	/System/Library/Frameworks/Accelerate.framework/Versions/A/Frameworks/vecLib.framework/Versions/A/libvMisc.dylib
0x0000000010dbe000 	/System/Library/Frameworks/Accelerate.framework/Versions/A/Frameworks/vecLib.framework/Versions/A/libLAPACK.dylib
0x0000000010dbe000 	/System/Library/Frameworks/Accelerate.framework/Versions/A/Frameworks/vecLib.framework/Versions/A/libBLAS.dylib
0x0000000010dbe000 	/System/Library/Frameworks/Accelerate.framework/Versions/A/Frameworks/vecLib.framework/Versions/A/libLinearAlgebra.dylib
0x0000000010dbe000 	/System/Library/Frameworks/Accelerate.framework/Versions/A/Frameworks/vecLib.framework/Versions/A/libSparseBLAS.dylib
0x0000000010dbe000 	/System/Library/Frameworks/ApplicationServices.framework/Versions/A/Frameworks/ATS.framework/Versions/A/Resources/libFontParser.dylib
0x0000000010dbe000 	/System/Library/Frameworks/ApplicationServices.framework/Versions/A/Frameworks/ATS.framework/Versions/A/Resources/libFontRegistry.dylib
0x0000000010dbe000 	/System/Library/Frameworks/ImageIO.framework/Versions/A/Resources/libJPEG.dylib
0x0000000010dbe000 	/System/Library/Frameworks/ImageIO.framework/Versions/A/Resources/libTIFF.dylib
0x0000000010dbe000 	/System/Library/Frameworks/ImageIO.framework/Versions/A/Resources/libPng.dylib
0x0000000010dbe000 	/System/Library/Frameworks/ImageIO.framework/Versions/A/Resources/libGIF.dylib
0x0000000010dbe000 	/System/Library/Frameworks/ImageIO.framework/Versions/A/Resources/libJP2.dylib
0x0000000010dbe000 	/System/Library/Frameworks/ImageIO.framework/Versions/A/Resources/libRadiance.dylib
0x0000000010dbe000 	/usr/lib/libcompression.dylib
0x0000000010dbe000 	/System/Library/PrivateFrameworks/AppleJPEG.framework/Versions/A/AppleJPEG
0x0000000010dbe000 	/usr/lib/libcups.2.dylib
0x0000000010dbe000 	/System/Library/Frameworks/Kerberos.framework/Versions/A/Kerberos
0x0000000010dbe000 	/System/Library/Frameworks/GSS.framework/Versions/A/GSS
0x0000000010dbe000 	/usr/lib/libresolv.9.dylib
0x0000000010dbe000 	/usr/lib/libiconv.2.dylib
0x0000000010dbe000 	/System/Library/PrivateFrameworks/Heimdal.framework/Versions/A/Heimdal
0x0000000010dbe000 	/usr/lib/libheimdal-asn1.dylib
0x0000000010dbe000 	/System/Library/Frameworks/OpenDirectory.framework/Versions/A/OpenDirectory
0x0000000010dbe000 	/System/Library/PrivateFrameworks/CommonAuth.framework/Versions/A/CommonAuth
0x0000000010dbe000 	/System/Library/Frameworks/OpenDirectory.framework/Versions/A/Frameworks/CFOpenDirectory.framework/Versions/A/CFOpenDirectory
0x0000000010dbe000 	/System/Library/Frameworks/SecurityFoundation.framework/Versions/A/SecurityFoundation
0x0000000010dbe000 	/System/Library/PrivateFrameworks/LanguageModeling.framework/Versions/A/LanguageModeling
0x0000000010dbe000 	/usr/lib/libmarisa.dylib
0x0000000010dbe000 	/usr/lib/libChineseTokenizer.dylib
0x0000000010dbe000 	/usr/lib/libcmph.dylib
0x0000000010dbe000 	/System/Library/PrivateFrameworks/CoreEmoji.framework/Versions/A/CoreEmoji
0x0000000010dbe000 	/System/Library/Frameworks/ServiceManagement.framework/Versions/A/ServiceManagement
0x0000000010dbe000 	/usr/lib/libxslt.1.dylib
0x0000000010dbe000 	/System/Library/Frameworks/Carbon.framework/Versions/A/Frameworks/Ink.framework/Versions/A/Ink
0x0000000010dbe000 	/System/Library/PrivateFrameworks/TextureIO.framework/Versions/A/TextureIO
0x0000000010dbe000 	/System/Library/Frameworks/Metal.framework/Versions/A/Metal
0x0000000010dbe000 	/usr/lib/libate.dylib
0x0000000010dbe000 	/System/Library/PrivateFrameworks/GPUCompiler.framework/libmetal_timestamp.dylib
0x0000000010dbe000 	/System/Library/Frameworks/OpenGL.framework/Versions/A/Libraries/libCoreFSCache.dylib
0x0000000010dbe000 	/System/Library/PrivateFrameworks/IOAccelerator.framework/Versions/A/IOAccelerator
0x0000000010dbe000 	/System/Library/Frameworks/CoreVideo.framework/Versions/A/CoreVideo
0x0000000010dbe000 	/usr/lib/libFosl_dynamic.dylib
0x0000000010dbe000 	/System/Library/PrivateFrameworks/MetalPerformanceShaders.framework/Versions/A/MetalPerformanceShaders
0x0000000010dbe000 	/System/Library/PrivateFrameworks/FaceCore.framework/Versions/A/FaceCore
0x0000000010dbe000 	/System/Library/Frameworks/OpenCL.framework/Versions/A/OpenCL
0x0000000010dbe000 	/System/Library/Frameworks/OpenGL.framework/Versions/A/Libraries/libGLU.dylib
0x0000000010dbe000 	/System/Library/Frameworks/OpenGL.framework/Versions/A/Libraries/libGFXShared.dylib
0x0000000010dbe000 	/System/Library/Frameworks/OpenGL.framework/Versions/A/Libraries/libGL.dylib
0x0000000010dbe000 	/System/Library/Frameworks/OpenGL.framework/Versions/A/Libraries/libGLImage.dylib
0x0000000010dbe000 	/System/Library/Frameworks/OpenGL.framework/Versions/A/Libraries/libCVMSPluginSupport.dylib
0x0000000010dbe000 	/System/Library/Frameworks/OpenGL.framework/Versions/A/Libraries/libCoreVMClient.dylib
0x0000000010dbe000 	/System/Library/PrivateFrameworks/CrashReporterSupport.framework/Versions/A/CrashReporterSupport
0x0000000010dbe000 	/System/Library/PrivateFrameworks/Sharing.framework/Versions/A/Sharing
0x0000000010dbe000 	/System/Library/PrivateFrameworks/IconServices.framework/Versions/A/IconServices
0x0000000010dbe000 	/System/Library/PrivateFrameworks/ProtocolBuffer.framework/Versions/A/ProtocolBuffer
0x0000000010dbe000 	/System/Library/PrivateFrameworks/Apple80211.framework/Versions/A/Apple80211
0x0000000010dbe000 	/System/Library/Frameworks/CoreWLAN.framework/Versions/A/CoreWLAN
0x0000000010dbe000 	/System/Library/PrivateFrameworks/CoreUtils.framework/Versions/A/CoreUtils
0x0000000010dbe000 	/System/Library/Frameworks/IOBluetooth.framework/Versions/A/IOBluetooth
0x0000000010dbe000 	/System/Library/PrivateFrameworks/CoreWiFi.framework/Versions/A/CoreWiFi
0x0000000010dbe000 	/System/Library/Frameworks/CoreBluetooth.framework/Versions/A/CoreBluetooth
0x0000000010dbe000 	/System/Library/Frameworks/CoreDisplay.framework/Versions/A/CoreDisplay
0x0000000010dbe000 	/System/Library/PrivateFrameworks/IOPresentment.framework/Versions/A/IOPresentment
0x0000000010dbe000 	/System/Library/PrivateFrameworks/DSExternalDisplay.framework/Versions/A/DSExternalDisplay
0x0000000010dbe000 	/System/Library/PrivateFrameworks/DebugSymbols.framework/Versions/A/DebugSymbols
0x0000000010dbe000 	/System/Library/PrivateFrameworks/CoreSymbolication.framework/Versions/A/CoreSymbolication
0x0000000010dbe000 	/System/Library/PrivateFrameworks/Symbolication.framework/Versions/A/Symbolication
0x0000000010dbe000 	/System/Library/PrivateFrameworks/AppleFSCompression.framework/Versions/A/AppleFSCompression
0x0000000010dbe000 	/System/Library/PrivateFrameworks/SpeechRecognitionCore.framework/Versions/A/SpeechRecognitionCore
0x0000000010dbe000 	/System/Library/PrivateFrameworks/ChunkingLibrary.framework/Versions/A/ChunkingLibrary
0x000000010d200000 	/Library/Java/JavaVirtualMachines/jdk1.8.0_111.jdk/Contents/Home/jre/lib/server/libjvm.dylib
0x0000000010dbe000 	/usr/lib/libstdc++.6.dylib
0x000000010c1ec000 	/Library/Java/JavaVirtualMachines/jdk1.8.0_111.jdk/Contents/Home/jre/lib/libverify.dylib
0x000000010e1a1000 	/Library/Java/JavaVirtualMachines/jdk1.8.0_111.jdk/Contents/Home/jre/lib/libjava.dylib
0x000000010e1de000 	/Library/Java/JavaVirtualMachines/jdk1.8.0_111.jdk/Contents/Home/jre/lib/libzip.dylib
0x000000011229d000 	/System/Library/Frameworks/JavaVM.framework/Frameworks/JavaRuntimeSupport.framework/JavaRuntimeSupport
0x00000001122b7000 	/System/Library/Frameworks/JavaVM.framework/Versions/A/Frameworks/JavaNativeFoundation.framework/Versions/A/JavaNativeFoundation
0x00000001122cc000 	/System/Library/Frameworks/JavaVM.framework/Versions/A/JavaVM
0x0000000010dbe000 	/System/Library/Frameworks/Carbon.framework/Versions/A/Carbon
0x00000001122d9000 	/System/Library/PrivateFrameworks/JavaLaunching.framework/Versions/A/JavaLaunching
0x0000000010dbe000 	/System/Library/Frameworks/Carbon.framework/Versions/A/Frameworks/CommonPanels.framework/Versions/A/CommonPanels
0x0000000010dbe000 	/System/Library/Frameworks/Carbon.framework/Versions/A/Frameworks/Help.framework/Versions/A/Help
0x0000000010dbe000 	/System/Library/Frameworks/Carbon.framework/Versions/A/Frameworks/ImageCapture.framework/Versions/A/ImageCapture
0x0000000010dbe000 	/System/Library/Frameworks/Carbon.framework/Versions/A/Frameworks/OpenScripting.framework/Versions/A/OpenScripting
0x0000000010dbe000 	/System/Library/Frameworks/Carbon.framework/Versions/A/Frameworks/Print.framework/Versions/A/Print
0x0000000010dbe000 	/System/Library/Frameworks/Carbon.framework/Versions/A/Frameworks/SecurityHI.framework/Versions/A/SecurityHI
0x0000000113be6000 	/Library/Frameworks/R.framework/Versions/3.3/Resources/library/rJava/jri/libjri.jnilib
0x0000000113bf2000 	/Library/Frameworks/R.framework/Versions/3.3/Resources/lib/libR.dylib
0x0000000114079000 	/usr/lib/libpcre.0.dylib
0x00000001140ac000 	/Library/Frameworks/R.framework/Versions/3.3/Resources/lib/libRblas.dylib
0x00000001140dc000 	/Library/Frameworks/R.framework/Versions/3.3/Resources/lib/libgfortran.3.dylib
0x0000000114247000 	/Library/Frameworks/R.framework/Versions/3.3/Resources/lib/libquadmath.0.dylib
0x0000000114288000 	/Library/Frameworks/R.framework/Versions/3.3/Resources/lib/libreadline.5.2.dylib
0x00000001142c6000 	/Library/Frameworks/R.framework/Versions/3.3/Resources/lib/libgcc_s_x86_64.1.dylib
0x0000000010dbe000 	/usr/lib/libncurses.5.4.dylib

VM Arguments:
jvm_args: -Djava.library.path=/Library/Frameworks/R.framework/Versions/3.3/Resources/library/rJava/jri:/Library/Frameworks/R.framework/Versions/3.3/Resources/library/rJava/jri:/Library/Frameworks/R.framework/Versions/3.3/Resources/library/rJava/jri -Dfile.encoding=UTF-8 
java_command: main.test
java_class_path (initial): /Users/zijunyan/Desktop/JAVAWORKDIR/ORC/bin:/Library/Frameworks/R.framework/Versions/3.3/Resources/library/rJava/jri/JRI.jar:/Library/Frameworks/R.framework/Versions/3.3/Resources/library/rJava/jri/JRIEngine.jar:/Library/Frameworks/R.framework/Versions/3.3/Resources/library/rJava/jri/REngine.jar
Launcher Type: SUN_STANDARD

Environment Variables:
PATH=/usr/bin:/bin:/usr/sbin:/sbin
SHELL=/bin/bash

Signal Handlers:
SIGSEGV: [libjvm.dylib+0x5b03ed], sa_mask[0]=11111111011111110111111111111111, sa_flags=SA_ONSTACK|SA_RESTART|SA_SIGINFO
SIGBUS: [libjvm.dylib+0x5b03ed], sa_mask[0]=11111111011111110111111111111111, sa_flags=SA_RESTART|SA_SIGINFO
SIGFPE: [libjvm.dylib+0x48711c], sa_mask[0]=11111111011111110111111111111111, sa_flags=SA_RESTART|SA_SIGINFO
SIGPIPE: [libjvm.dylib+0x48711c], sa_mask[0]=11111111011111110111111111111111, sa_flags=SA_RESTART|SA_SIGINFO
SIGXFSZ: [libjvm.dylib+0x48711c], sa_mask[0]=11111111011111110111111111111111, sa_flags=SA_RESTART|SA_SIGINFO
SIGILL: [libjvm.dylib+0x48711c], sa_mask[0]=11111111011111110111111111111111, sa_flags=SA_RESTART|SA_SIGINFO
SIGUSR1: SIG_DFL, sa_mask[0]=00000000000000000000000000000000, sa_flags=none
SIGUSR2: [libjvm.dylib+0x486c3a], sa_mask[0]=00100000000000000000000000000000, sa_flags=SA_RESTART|SA_SIGINFO
SIGHUP: [libjvm.dylib+0x485211], sa_mask[0]=11111111011111110111111111111111, sa_flags=SA_RESTART|SA_SIGINFO
SIGINT: [libjvm.dylib+0x485211], sa_mask[0]=11111111011111110111111111111111, sa_flags=SA_RESTART|SA_SIGINFO
SIGTERM: [libjvm.dylib+0x485211], sa_mask[0]=11111111011111110111111111111111, sa_flags=SA_RESTART|SA_SIGINFO
SIGQUIT: [libjvm.dylib+0x485211], sa_mask[0]=11111111011111110111111111111111, sa_flags=SA_RESTART|SA_SIGINFO


---------------  S Y S T E M  ---------------

OS:Bsduname:Darwin 16.7.0 Darwin Kernel Version 16.7.0: Thu Jun 15 17:36:27 PDT 2017; root:xnu-3789.70.16~2/RELEASE_X86_64 x86_64
rlimit: STACK 8192k, CORE 0k, NPROC 709, NOFILE 10240, AS infinity
load average:2.51 1.79 1.35

CPU:total 8 (4 cores per cpu, 2 threads per core) family 6 model 94 stepping 3, cmov, cx8, fxsr, mmx, sse, sse2, sse3, ssse3, sse4.1, sse4.2, popcnt, avx, avx2, aes, clmul, erms, rtm, 3dnowpref, lzcnt, ht, tsc, tscinvbit, bmi1, bmi2, adx

Memory: 4k page, physical 16777216k(531872k free)

/proc/meminfo:


vm_info: Java HotSpot(TM) 64-Bit Server VM (25.111-b14) for bsd-amd64 JRE (1.8.0_111-b14), built on Sep 22 2016 15:31:41 by "java_re" with gcc 4.2.1 (Based on Apple Inc. build 5658) (LLVM build 2336.11.00)

time: Tue Sep 19 18:22:31 2017
elapsed time: 0 seconds (0d 0h 0m 0s)

